<testsuite errors="0" failures="0" name="Django Project Tests" skips="0" tests="7" time="0.150"><testcase classname="STEM.tests.test_estudiante" name="test_get_by_id" time="0.006557" /><testcase classname="STEM.tests.test_estudiante" name="test_verificar_genero_es1" time="0.004212" /><testcase classname="STEM.tests.test_estudiante" name="test_verificar_gpIngenieria_es2" time="0.016475" /><testcase classname="STEM.tests.test_estudiante" name="test_verificar_grado_es1" time="0.011233" /><testcase classname="STEM.tests.test_estudiante" name="test_verificar_numHermanos_es2" time="0.020695" /><testcase classname="STEM.tests.test_estudiante" name="test_verificar_vcMadre_es1" time="0.029602" /><testcase classname="STEM.tests.test_estudiante" name="test_verificar_vcPadre_es2" time="0.010448" /></testsuite>